  Enemy.cpp
C:\Users\ruben\source\repos\Pacman-22-parte2\PacmanParte1\ConsoleUtils.h(41,17): warning C4838: la conversión de 'int' en 'SHORT' requiere una conversión de restricción
C:\Users\ruben\source\repos\Pacman-22-parte2\PacmanParte1\ConsoleUtils.h(41,20): warning C4838: la conversión de 'int' en 'SHORT' requiere una conversión de restricción
  Map.cpp
C:\Users\ruben\source\repos\Pacman-22-parte2\PacmanParte1\ConsoleUtils.h(41,17): warning C4838: la conversión de 'int' en 'SHORT' requiere una conversión de restricción
C:\Users\ruben\source\repos\Pacman-22-parte2\PacmanParte1\ConsoleUtils.h(41,20): warning C4838: la conversión de 'int' en 'SHORT' requiere una conversión de restricción
C:\Users\ruben\source\repos\Pacman-22-parte2\PacmanParte1\Map.cpp(69,16): warning C4267: '=': conversión de 'size_t' a 'int'; posible pérdida de datos
  ProgramaInfo.cpp
C:\Users\ruben\source\repos\Pacman-22-parte2\PacmanParte1\ConsoleUtils.h(41,17): warning C4838: la conversión de 'int' en 'SHORT' requiere una conversión de restricción
C:\Users\ruben\source\repos\Pacman-22-parte2\PacmanParte1\ConsoleUtils.h(41,20): warning C4838: la conversión de 'int' en 'SHORT' requiere una conversión de restricción
  TimeManager.cpp
  main.cpp
C:\Users\ruben\source\repos\Pacman-22-parte2\PacmanParte1\ConsoleUtils.h(41,17): warning C4838: la conversión de 'int' en 'SHORT' requiere una conversión de restricción
C:\Users\ruben\source\repos\Pacman-22-parte2\PacmanParte1\ConsoleUtils.h(41,20): warning C4838: la conversión de 'int' en 'SHORT' requiere una conversión de restricción
C:\Users\ruben\source\repos\Pacman-22-parte2\PacmanParte1\main.cpp(37,15): warning C4244: 'argumento': conversión de 'time_t' a 'unsigned int'; posible pérdida de datos
  player.cpp
C:\Users\ruben\source\repos\Pacman-22-parte2\PacmanParte1\ConsoleUtils.h(41,17): warning C4838: la conversión de 'int' en 'SHORT' requiere una conversión de restricción
C:\Users\ruben\source\repos\Pacman-22-parte2\PacmanParte1\ConsoleUtils.h(41,20): warning C4838: la conversión de 'int' en 'SHORT' requiere una conversión de restricción
  Generando código...
  PacmanParte1.vcxproj -> C:\Users\ruben\source\repos\Pacman-22-parte2\x64\Debug\PacmanParte1.exe
